2016-06-05 19:53:28 [scrapy] INFO: Scrapy 1.1.0 started (bot: baidu)
2016-06-05 19:53:28 [scrapy] INFO: Overridden settings: {'NEWSPIDER_MODULE': 'baidu.spiders', 'CONCURRENT_REQUESTS': 10, 'SPIDER_MODULES': ['baidu.spiders'], 'BOT_NAME': 'baidu', 'LOG_STDOUT': True, 'LOG_FILE': './baidu.log', 'DOWNLOAD_DELAY': 1.0}
2016-06-05 19:53:28 [scrapy] INFO: Enabled extensions:
['scrapy.extensions.logstats.LogStats',
 'scrapy.extensions.telnet.TelnetConsole',
 'scrapy.extensions.corestats.CoreStats']
2016-06-05 19:53:28 [scrapy] INFO: Enabled downloader middlewares:
['scrapy.downloadermiddlewares.httpauth.HttpAuthMiddleware',
 'scrapy.downloadermiddlewares.downloadtimeout.DownloadTimeoutMiddleware',
 'scrapy.downloadermiddlewares.useragent.UserAgentMiddleware',
 'scrapy.downloadermiddlewares.retry.RetryMiddleware',
 'scrapy.downloadermiddlewares.defaultheaders.DefaultHeadersMiddleware',
 'scrapy.downloadermiddlewares.redirect.MetaRefreshMiddleware',
 'scrapy.downloadermiddlewares.httpcompression.HttpCompressionMiddleware',
 'scrapy.downloadermiddlewares.redirect.RedirectMiddleware',
 'scrapy.downloadermiddlewares.cookies.CookiesMiddleware',
 'scrapy.downloadermiddlewares.chunked.ChunkedTransferMiddleware',
 'scrapy.downloadermiddlewares.stats.DownloaderStats']
2016-06-05 19:53:28 [scrapy] INFO: Enabled spider middlewares:
['scrapy.spidermiddlewares.httperror.HttpErrorMiddleware',
 'scrapy.spidermiddlewares.offsite.OffsiteMiddleware',
 'scrapy.spidermiddlewares.referer.RefererMiddleware',
 'scrapy.spidermiddlewares.urllength.UrlLengthMiddleware',
 'scrapy.spidermiddlewares.depth.DepthMiddleware']
2016-06-05 19:53:28 [scrapy] INFO: Enabled item pipelines:
['baidu.pipelines.BaiduPipeline']
2016-06-05 19:53:28 [scrapy] INFO: Spider opened
2016-06-05 19:53:28 [scrapy] INFO: Crawled 0 pages (at 0 pages/min), scraped 0 items (at 0 items/min)
2016-06-05 19:53:28 [scrapy] DEBUG: Telnet console listening on 127.0.0.1:6023
2016-06-05 19:53:29 [scrapy] DEBUG: Redirecting (301) to <GET http://shouji.baidu.com/game/?from=as> from <GET http://as.baidu.com/a/asgame?f=web_alad%40next%40rank_3000_1>
2016-06-05 19:53:30 [scrapy] DEBUG: Crawled (200) <GET http://shouji.baidu.com/game/?from=as> (referer: None)
2016-06-05 19:53:30 [py.warnings] WARNING: /home/gxj/Downloads/baidu1/baidu/spiders/game.py:26: ScrapyDeprecationWarning: log.msg has been deprecated, create a python logger and log through it instead
  log.msg("dkfjkjkdsjfksjdkfj")

2016-06-05 19:53:30 [scrapy] INFO: dkfjkjkdsjfksjdkfj
2016-06-05 19:53:30 [stdout] INFO: ++++++++++++++++++++++++
2016-06-05 19:53:30 [stdout] INFO: http://shouji.baidu.com/game/401/
2016-06-05 19:53:31 [scrapy] DEBUG: Crawled (200) <GET http://shouji.baidu.com/game/401/> (referer: http://shouji.baidu.com/game/?from=as)
2016-06-05 19:53:31 [stdout] INFO: @@@@@@@@@@@@@@@@@
2016-06-05 19:53:31 [stdout] INFO: http://shouji.baidu.com/game/401/
2016-06-05 19:53:31 [stdout] INFO: 000000000
2016-06-05 19:53:31 [stdout] INFO: <Selector xpath=None data=u'<html lang="zh"><head>\n<meta http-equiv='>
2016-06-05 19:53:32 [scrapy] DEBUG: Crawled (200) <GET http://shouji.baidu.com/game/401/list_1.html> (referer: http://shouji.baidu.com/game/401/)
2016-06-05 19:53:32 [stdout] INFO: ----------------
2016-06-05 19:53:32 [stdout] INFO: http://shouji.baidu.com/game/401/list_1.html
2016-06-05 19:53:33 [scrapy] DEBUG: Crawled (200) <GET http://shouji.baidu.com/game//game/9429567.html> (referer: http://shouji.baidu.com/game/401/list_1.html)
2016-06-05 19:53:33 [scrapy] DEBUG: Scraped from <200 http://shouji.baidu.com/game//game/9429567.html>
{'game_download_times': u'\u4e0b\u8f7d\u6b21\u6570: 1.3\u4ebf',
 'game_id': u'\u5b98\u65b9\u7248',
 'game_name': u'\u5f00\u5fc3\u6d88\u6d88\u4e50',
 'game_size': u'\u5927\u5c0f: 37.5MB',
 'game_type_name': u'\u4f11\u95f2\u76ca\u667a'}
2016-06-05 19:53:34 [scrapy] DEBUG: Crawled (200) <GET http://shouji.baidu.com/game//game/9388259.html> (referer: http://shouji.baidu.com/game/401/list_1.html)
2016-06-05 19:53:34 [scrapy] DEBUG: Scraped from <200 http://shouji.baidu.com/game//game/9388259.html>
{'game_download_times': u'\u4e0b\u8f7d\u6b21\u6570: 517\u4e07',
 'game_id': u'\u5b89\u5168',
 'game_name': u'\u4f20\u5947\u5c0f\u571f\u8c46-\u5168\u6c11',
 'game_size': u'\u5927\u5c0f: 3.5MB',
 'game_type_name': u'\u4f11\u95f2\u76ca\u667a'}
2016-06-05 19:53:35 [scrapy] DEBUG: Crawled (200) <GET http://shouji.baidu.com/game//game/7755926.html> (referer: http://shouji.baidu.com/game/401/list_1.html)
2016-06-05 19:53:36 [scrapy] DEBUG: Scraped from <200 http://shouji.baidu.com/game//game/7755926.html>
{'game_download_times': u'\u4e0b\u8f7d\u6b21\u6570: 1698\u4e07',
 'game_id': u'\u5b98\u65b9\u7248',
 'game_name': u'\u8da3\u5473\u8fde\u8fde\u770b',
 'game_size': u'\u5927\u5c0f: 2.2MB',
 'game_type_name': u'\u4f11\u95f2\u76ca\u667a'}
2016-06-05 19:53:37 [scrapy] DEBUG: Crawled (200) <GET http://shouji.baidu.com/game//game/9403289.html> (referer: http://shouji.baidu.com/game/401/list_1.html)
2016-06-05 19:53:37 [scrapy] DEBUG: Scraped from <200 http://shouji.baidu.com/game//game/9403289.html>
{'game_download_times': u'\u4e0b\u8f7d\u6b21\u6570: 451\u4e07',
 'game_id': u'\u5b89\u5168',
 'game_name': u'\u8d1d\u8d1d\u516c\u4e3b\u9177\u8dd1',
 'game_size': u'\u5927\u5c0f: 12.1MB',
 'game_type_name': u'\u4f11\u95f2\u76ca\u667a'}
2016-06-05 19:53:38 [scrapy] DEBUG: Crawled (200) <GET http://shouji.baidu.com/game//game/8814840.html> (referer: http://shouji.baidu.com/game/401/list_1.html)
2016-06-05 19:53:38 [scrapy] DEBUG: Scraped from <200 http://shouji.baidu.com/game//game/8814840.html>
{'game_download_times': u'\u4e0b\u8f7d\u6b21\u6570: 647\u4e07',
 'game_id': u'\u5b98\u65b9\u7248',
 'game_name': u'\u62f3\u768797',
 'game_size': u'\u5927\u5c0f: 61.2MB',
 'game_type_name': u'\u4f11\u95f2\u76ca\u667a'}
2016-06-05 19:53:39 [scrapy] DEBUG: Crawled (200) <GET http://shouji.baidu.com/game//game/6953208.html> (referer: http://shouji.baidu.com/game/401/list_1.html)
2016-06-05 19:53:39 [scrapy] DEBUG: Scraped from <200 http://shouji.baidu.com/game//game/6953208.html>
{'game_download_times': u'\u4e0b\u8f7d\u6b21\u6570: 1338\u4e07',
 'game_id': u'MTC\u8ba4\u8bc1',
 'game_name': u'\u770b\u4f60\u6709\u591a\u8272',
 'game_size': u'\u5927\u5c0f: 0.1MB',
 'game_type_name': u'\u4f11\u95f2\u76ca\u667a'}
2016-06-05 19:53:40 [scrapy] DEBUG: Crawled (200) <GET http://shouji.baidu.com/game//game/8754588.html> (referer: http://shouji.baidu.com/game/401/list_1.html)
2016-06-05 19:53:40 [scrapy] DEBUG: Scraped from <200 http://shouji.baidu.com/game//game/8754588.html>
{'game_download_times': u'\u4e0b\u8f7d\u6b21\u6570: 495\u4e07',
 'game_id': u'\u5b89\u5168',
 'game_name': u'\u4e00\u8d77\u6d88\u6c34\u679c',
 'game_size': u'\u5927\u5c0f: 2.4MB',
 'game_type_name': u'\u4f11\u95f2\u76ca\u667a'}
2016-06-05 19:53:42 [scrapy] DEBUG: Crawled (200) <GET http://shouji.baidu.com/game//game/8316577.html> (referer: http://shouji.baidu.com/game/401/list_1.html)
2016-06-05 19:53:42 [scrapy] DEBUG: Scraped from <200 http://shouji.baidu.com/game//game/8316577.html>
{'game_download_times': u'\u4e0b\u8f7d\u6b21\u6570: 953\u4e07',
 'game_id': u'\u5b89\u5168',
 'game_name': u'2048(\u7ecf\u5178\u7248)',
 'game_size': u'\u5927\u5c0f: 5.7MB',
 'game_type_name': u'\u4f11\u95f2\u76ca\u667a'}
2016-06-05 19:53:43 [scrapy] DEBUG: Crawled (200) <GET http://shouji.baidu.com/game//game/7997448.html> (referer: http://shouji.baidu.com/game/401/list_1.html)
2016-06-05 19:53:43 [scrapy] DEBUG: Scraped from <200 http://shouji.baidu.com/game//game/7997448.html>
{'game_download_times': u'\u4e0b\u8f7d\u6b21\u6570: 966\u4e07',
 'game_id': u'\u5b98\u65b9\u7248',
 'game_name': u'\u8001\u7238\u66fe\u662f\u5c0f\u5077',
 'game_size': u'\u5927\u5c0f: 32.3MB',
 'game_type_name': u'\u4f11\u95f2\u76ca\u667a'}
2016-06-05 19:53:44 [scrapy] DEBUG: Crawled (200) <GET http://shouji.baidu.com/game//game/8580300.html> (referer: http://shouji.baidu.com/game/401/list_1.html)
2016-06-05 19:53:44 [scrapy] DEBUG: Scraped from <200 http://shouji.baidu.com/game//game/8580300.html>
{'game_download_times': u'\u4e0b\u8f7d\u6b21\u6570: 228\u4e07',
 'game_id': u'\u5b89\u5168',
 'game_name': u'\u4ed3\u9f20\u5927\u9003\u4ea1',
 'game_size': u'\u5927\u5c0f: 7.0MB',
 'game_type_name': u'\u4f11\u95f2\u76ca\u667a'}
2016-06-05 19:53:45 [scrapy] DEBUG: Crawled (200) <GET http://shouji.baidu.com/game//game/9199496.html> (referer: http://shouji.baidu.com/game/401/list_1.html)
2016-06-05 19:53:46 [scrapy] DEBUG: Scraped from <200 http://shouji.baidu.com/game//game/9199496.html>
{'game_download_times': u'\u4e0b\u8f7d\u6b21\u6570: 314\u4e07',
 'game_id': u'\u5b98\u65b9\u7248',
 'game_name': u'\u732a\u732a\u4fa0\u767e\u53d8\u98de\u8f66',
 'game_size': u'\u5927\u5c0f: 41.7MB',
 'game_type_name': u'\u4f11\u95f2\u76ca\u667a'}
2016-06-05 19:53:46 [scrapy] DEBUG: Crawled (200) <GET http://shouji.baidu.com/game//game/9460954.html> (referer: http://shouji.baidu.com/game/401/list_1.html)
2016-06-05 19:53:46 [scrapy] DEBUG: Scraped from <200 http://shouji.baidu.com/game//game/9460954.html>
{'game_download_times': u'\u4e0b\u8f7d\u6b21\u6570: 1795\u4e07',
 'game_id': u'\u5b98\u65b9\u7248',
 'game_name': u'\u679c\u5b9d\u4e09\u56fd',
 'game_size': u'\u5927\u5c0f: 61.3MB',
 'game_type_name': u'\u4f11\u95f2\u76ca\u667a'}
2016-06-05 19:53:48 [scrapy] DEBUG: Crawled (200) <GET http://shouji.baidu.com/game//game/6952389.html> (referer: http://shouji.baidu.com/game/401/list_1.html)
2016-06-05 19:53:48 [scrapy] DEBUG: Scraped from <200 http://shouji.baidu.com/game//game/6952389.html>
{'game_download_times': u'\u4e0b\u8f7d\u6b21\u6570: 1351\u4e07',
 'game_id': u'MTC\u8ba4\u8bc1',
 'game_name': u'\u5de6\u53f3\u8111\u534f\u8c03',
 'game_size': u'\u5927\u5c0f: 0.1MB',
 'game_type_name': u'\u4f11\u95f2\u76ca\u667a'}
2016-06-05 19:53:49 [scrapy] DEBUG: Crawled (200) <GET http://shouji.baidu.com/game//game/9440298.html> (referer: http://shouji.baidu.com/game/401/list_1.html)
2016-06-05 19:53:49 [scrapy] DEBUG: Scraped from <200 http://shouji.baidu.com/game//game/9440298.html>
{'game_download_times': u'\u4e0b\u8f7d\u6b21\u6570: 537\u4e07',
 'game_id': u'\u5b98\u65b9\u7248',
 'game_name': u'\u556a\u556a\u6e38\u620f\u5385',
 'game_size': u'\u5927\u5c0f: 9.2MB',
 'game_type_name': u'\u4f11\u95f2\u76ca\u667a'}
2016-06-05 19:53:50 [scrapy] DEBUG: Crawled (200) <GET http://shouji.baidu.com/game//game/6941840.html> (referer: http://shouji.baidu.com/game/401/list_1.html)
2016-06-05 19:53:50 [scrapy] DEBUG: Scraped from <200 http://shouji.baidu.com/game//game/6941840.html>
{'game_download_times': u'\u4e0b\u8f7d\u6b21\u6570: 1311\u4e07',
 'game_id': u'MTC\u8ba4\u8bc1',
 'game_name': u'\u6447\u6446\u76f4\u5347\u673a',
 'game_size': u'\u5927\u5c0f: 0.1MB',
 'game_type_name': u'\u4f11\u95f2\u76ca\u667a'}
2016-06-05 19:53:51 [scrapy] DEBUG: Crawled (200) <GET http://shouji.baidu.com/game//game/6956423.html> (referer: http://shouji.baidu.com/game/401/list_1.html)
2016-06-05 19:53:51 [scrapy] DEBUG: Scraped from <200 http://shouji.baidu.com/game//game/6956423.html>
{'game_download_times': u'\u4e0b\u8f7d\u6b21\u6570: 1289\u4e07',
 'game_id': u'MTC\u8ba4\u8bc1',
 'game_name': u'\u75af\u72c2\u51b0\u6876\u6311\u6218',
 'game_size': u'\u5927\u5c0f: 0.1MB',
 'game_type_name': u'\u4f11\u95f2\u76ca\u667a'}
2016-06-05 19:53:52 [scrapy] DEBUG: Crawled (200) <GET http://shouji.baidu.com/game//game/9160627.html> (referer: http://shouji.baidu.com/game/401/list_1.html)
2016-06-05 19:53:52 [scrapy] DEBUG: Scraped from <200 http://shouji.baidu.com/game//game/9160627.html>
{'game_download_times': u'\u4e0b\u8f7d\u6b21\u6570: 1794\u4e07',
 'game_id': u'\u5b98\u65b9\u7248',
 'game_name': u'\u8d85\u7ea7\u739b\u4e3d',
 'game_size': u'\u5927\u5c0f: 7.1MB',
 'game_type_name': u'\u4f11\u95f2\u76ca\u667a'}
2016-06-05 19:53:53 [scrapy] DEBUG: Crawled (200) <GET http://shouji.baidu.com/game//game/9311702.html> (referer: http://shouji.baidu.com/game/401/list_1.html)
2016-06-05 19:53:53 [scrapy] DEBUG: Scraped from <200 http://shouji.baidu.com/game//game/9311702.html>
{'game_download_times': u'\u4e0b\u8f7d\u6b21\u6570: 877\u4e07',
 'game_id': u'\u5b98\u65b9\u7248',
 'game_name': u'\u70ab\u821e\u6d6a\u6f2b\u7231',
 'game_size': u'\u5927\u5c0f: 283.6MB',
 'game_type_name': u'\u4f11\u95f2\u76ca\u667a'}
2016-06-05 19:53:54 [scrapy] DEBUG: Crawled (200) <GET http://shouji.baidu.com/game//game/9467409.html> (referer: http://shouji.baidu.com/game/401/list_1.html)
2016-06-05 19:53:54 [scrapy] DEBUG: Scraped from <200 http://shouji.baidu.com/game//game/9467409.html>
{'game_download_times': u'\u4e0b\u8f7d\u6b21\u6570: 589\u4e07',
 'game_id': u'\u5b98\u65b9\u7248',
 'game_name': u'\u75af\u72c2\u7684\u6355\u9c7c',
 'game_size': u'\u5927\u5c0f: 23.9MB',
 'game_type_name': u'\u4f11\u95f2\u76ca\u667a'}
2016-06-05 19:53:55 [scrapy] DEBUG: Crawled (200) <GET http://shouji.baidu.com/game//game/9397815.html> (referer: http://shouji.baidu.com/game/401/list_1.html)
2016-06-05 19:53:56 [scrapy] DEBUG: Scraped from <200 http://shouji.baidu.com/game//game/9397815.html>
{'game_download_times': u'\u4e0b\u8f7d\u6b21\u6570: 2769\u4e07',
 'game_id': u'\u5b98\u65b9\u7248',
 'game_name': u'\u6ed1\u96ea\u5927\u5192\u9669',
 'game_size': u'\u5927\u5c0f: 40.3MB',
 'game_type_name': u'\u4f11\u95f2\u76ca\u667a'}
2016-06-05 19:53:57 [scrapy] DEBUG: Crawled (200) <GET http://shouji.baidu.com/game//game/9402253.html> (referer: http://shouji.baidu.com/game/401/list_1.html)
2016-06-05 19:53:57 [scrapy] DEBUG: Scraped from <200 http://shouji.baidu.com/game//game/9402253.html>
{'game_download_times': u'\u4e0b\u8f7d\u6b21\u6570: 2869\u4e07',
 'game_id': u'\u5b98\u65b9\u7248',
 'game_name': u'\u795e\u5077\u5976\u7238:\u5c0f\u9ec4\u4eba\u5feb\u8dd1',
 'game_size': u'\u5927\u5c0f: 116.1MB',
 'game_type_name': u'\u4f11\u95f2\u76ca\u667a'}
2016-06-05 19:53:58 [scrapy] DEBUG: Crawled (200) <GET http://shouji.baidu.com/game//game/9104895.html> (referer: http://shouji.baidu.com/game/401/list_1.html)
2016-06-05 19:53:58 [scrapy] DEBUG: Scraped from <200 http://shouji.baidu.com/game//game/9104895.html>
{'game_download_times': u'\u4e0b\u8f7d\u6b21\u6570: 233\u4e07',
 'game_id': u'\u5b98\u65b9\u7248',
 'game_name': u'\u718a\u51fa\u6ca1\u4e4b\u718a\u5927\u519c\u573a',
 'game_size': u'\u5927\u5c0f: 72.1MB',
 'game_type_name': u'\u4f11\u95f2\u76ca\u667a'}
2016-06-05 19:53:59 [scrapy] DEBUG: Crawled (200) <GET http://shouji.baidu.com/game//game/8894666.html> (referer: http://shouji.baidu.com/game/401/list_1.html)
2016-06-05 19:53:59 [scrapy] DEBUG: Scraped from <200 http://shouji.baidu.com/game//game/8894666.html>
{'game_download_times': u'\u4e0b\u8f7d\u6b21\u6570: 3314\u4e07',
 'game_id': u'\u5b98\u65b9\u7248',
 'game_name': u'\u4fdd\u536b\u841d\u535c2',
 'game_size': u'\u5927\u5c0f: 77.0MB',
 'game_type_name': u'\u4f11\u95f2\u76ca\u667a'}
2016-06-05 19:54:00 [scrapy] DEBUG: Crawled (200) <GET http://shouji.baidu.com/game//game/9441319.html> (referer: http://shouji.baidu.com/game/401/list_1.html)
2016-06-05 19:54:00 [scrapy] DEBUG: Scraped from <200 http://shouji.baidu.com/game//game/9441319.html>
{'game_download_times': u'\u4e0b\u8f7d\u6b21\u6570: 25\u4e07',
 'game_id': u'\u5b89\u5168',
 'game_name': u'\u5c0f\u718a\u7ade\u6280\u53f0',
 'game_size': u'\u5927\u5c0f: 11.1MB',
 'game_type_name': u'\u4f11\u95f2\u76ca\u667a'}
2016-06-05 19:54:01 [scrapy] DEBUG: Crawled (200) <GET http://shouji.baidu.com/game//game/9437026.html> (referer: http://shouji.baidu.com/game/401/list_1.html)
2016-06-05 19:54:01 [scrapy] DEBUG: Scraped from <200 http://shouji.baidu.com/game//game/9437026.html>
{'game_download_times': u'\u4e0b\u8f7d\u6b21\u6570: 418\u4e07',
 'game_id': u'\u5b98\u65b9\u7248',
 'game_name': u'\u718a\u51fa\u6ca13\u58ee\u5fd7\u718a\u5fc3',
 'game_size': u'\u5927\u5c0f: 53.6MB',
 'game_type_name': u'\u4f11\u95f2\u76ca\u667a'}
2016-06-05 19:54:02 [scrapy] DEBUG: Crawled (200) <GET http://shouji.baidu.com/game//game/9446611.html> (referer: http://shouji.baidu.com/game/401/list_1.html)
2016-06-05 19:54:02 [scrapy] DEBUG: Scraped from <200 http://shouji.baidu.com/game//game/9446611.html>
{'game_download_times': u'\u4e0b\u8f7d\u6b21\u6570: 8171\u4e07',
 'game_id': u'\u5b98\u65b9\u7248',
 'game_name': u'\u6d88\u706d\u661f\u661f',
 'game_size': u'\u5927\u5c0f: 10.9MB',
 'game_type_name': u'\u4f11\u95f2\u76ca\u667a'}
2016-06-05 19:54:03 [scrapy] DEBUG: Crawled (200) <GET http://shouji.baidu.com/game//game/9217549.html> (referer: http://shouji.baidu.com/game/401/list_1.html)
2016-06-05 19:54:03 [scrapy] DEBUG: Scraped from <200 http://shouji.baidu.com/game//game/9217549.html>
{'game_download_times': u'\u4e0b\u8f7d\u6b21\u6570: 1558\u4e07',
 'game_id': u'\u5b98\u65b9\u7248',
 'game_name': u'\u767b\u5c71\u8d5b\u8f66',
 'game_size': u'\u5927\u5c0f: 44.7MB',
 'game_type_name': u'\u4f11\u95f2\u76ca\u667a'}
2016-06-05 19:54:04 [scrapy] DEBUG: Crawled (200) <GET http://shouji.baidu.com/game//game/9313861.html> (referer: http://shouji.baidu.com/game/401/list_1.html)
2016-06-05 19:54:04 [scrapy] DEBUG: Scraped from <200 http://shouji.baidu.com/game//game/9313861.html>
{'game_download_times': u'\u4e0b\u8f7d\u6b21\u6570: 613\u4e07',
 'game_id': u'\u5b89\u5168',
 'game_name': u'\u4fa0\u76d7\u6469\u6258\u98de\u8f66',
 'game_size': u'\u5927\u5c0f: 4.5MB',
 'game_type_name': u'\u4f11\u95f2\u76ca\u667a'}
2016-06-05 19:54:05 [scrapy] DEBUG: Crawled (200) <GET http://shouji.baidu.com/game//game/9460469.html> (referer: http://shouji.baidu.com/game/401/list_1.html)
2016-06-05 19:54:05 [scrapy] DEBUG: Scraped from <200 http://shouji.baidu.com/game//game/9460469.html>
{'game_download_times': u'\u4e0b\u8f7d\u6b21\u6570: 1278\u4e07',
 'game_id': u'\u5b98\u65b9\u7248',
 'game_name': u'\u9965\u997f\u9ca8:\u8fdb\u5316',
 'game_size': u'\u5927\u5c0f: 85.2MB',
 'game_type_name': u'\u4f11\u95f2\u76ca\u667a'}
2016-06-05 19:54:06 [scrapy] DEBUG: Crawled (200) <GET http://shouji.baidu.com/game//game/9387341.html> (referer: http://shouji.baidu.com/game/401/list_1.html)
2016-06-05 19:54:06 [scrapy] DEBUG: Scraped from <200 http://shouji.baidu.com/game//game/9387341.html>
{'game_download_times': u'\u4e0b\u8f7d\u6b21\u6570: 1492\u4e07',
 'game_id': u'\u5b89\u5168',
 'game_name': u'\u5947\u8ff9\u6696\u6696',
 'game_size': u'\u5927\u5c0f: 350.9MB',
 'game_type_name': u'\u4f11\u95f2\u76ca\u667a'}
2016-06-05 19:54:08 [scrapy] DEBUG: Crawled (200) <GET http://shouji.baidu.com/game//game/9455142.html> (referer: http://shouji.baidu.com/game/401/list_1.html)
2016-06-05 19:54:08 [scrapy] DEBUG: Scraped from <200 http://shouji.baidu.com/game//game/9455142.html>
{'game_download_times': u'\u4e0b\u8f7d\u6b21\u6570: 1114\u4e07',
 'game_id': u'\u5b98\u65b9\u7248',
 'game_name': u'\u94a2\u7434\u57572',
 'game_size': u'\u5927\u5c0f: 23.8MB',
 'game_type_name': u'\u4f11\u95f2\u76ca\u667a'}
2016-06-05 19:54:09 [scrapy] DEBUG: Crawled (200) <GET http://shouji.baidu.com/game//game/6967894.html> (referer: http://shouji.baidu.com/game/401/list_1.html)
2016-06-05 19:54:09 [scrapy] DEBUG: Scraped from <200 http://shouji.baidu.com/game//game/6967894.html>
{'game_download_times': u'\u4e0b\u8f7d\u6b21\u6570: 479\u4e07',
 'game_id': u'MTC\u8ba4\u8bc1',
 'game_name': u'\u661f\u661f\u5927\u5192\u9669',
 'game_size': u'\u5927\u5c0f: 6.7MB',
 'game_type_name': u'\u4f11\u95f2\u76ca\u667a'}
2016-06-05 19:54:10 [scrapy] DEBUG: Crawled (200) <GET http://shouji.baidu.com/game//game/7503191.html> (referer: http://shouji.baidu.com/game/401/list_1.html)
2016-06-05 19:54:10 [scrapy] DEBUG: Scraped from <200 http://shouji.baidu.com/game//game/7503191.html>
{'game_download_times': u'\u4e0b\u8f7d\u6b21\u6570: 480\u4e07',
 'game_id': u'\u5b89\u5168',
 'game_name': u'\u5f00\u5fc3\u8fde\u8fde\u770b',
 'game_size': u'\u5927\u5c0f: 4.3MB',
 'game_type_name': u'\u4f11\u95f2\u76ca\u667a'}
2016-06-05 19:54:11 [scrapy] DEBUG: Crawled (200) <GET http://shouji.baidu.com/game//game/7632451.html> (referer: http://shouji.baidu.com/game/401/list_1.html)
2016-06-05 19:54:11 [scrapy] DEBUG: Scraped from <200 http://shouji.baidu.com/game//game/7632451.html>
{'game_download_times': u'\u4e0b\u8f7d\u6b21\u6570: 480\u4e07',
 'game_id': u'MTC\u8ba4\u8bc1',
 'game_name': u'\u5f00\u5fc3\u5bf9\u5bf9\u7cd6',
 'game_size': u'\u5927\u5c0f: 3.4MB',
 'game_type_name': u'\u4f11\u95f2\u76ca\u667a'}
2016-06-05 19:54:12 [scrapy] INFO: Received SIGINT, shutting down gracefully. Send again to force 
2016-06-05 19:54:12 [scrapy] INFO: Closing spider (shutdown)
2016-06-05 19:54:12 [scrapy] INFO: Received SIGINT twice, forcing unclean shutdown
