2016-06-06 18:06:44 [scrapy] INFO: Scrapy 1.1.0 started (bot: baidu)
2016-06-06 18:06:44 [scrapy] INFO: Overridden settings: {'NEWSPIDER_MODULE': 'baidu.spiders', 'CONCURRENT_REQUESTS': 10, 'SPIDER_MODULES': ['baidu.spiders'], 'BOT_NAME': 'baidu', 'LOG_STDOUT': True, 'LOG_FILE': './baidu.log', 'DOWNLOAD_DELAY': 1.0}
2016-06-06 18:06:45 [scrapy] INFO: Enabled extensions:
['scrapy.extensions.logstats.LogStats',
 'scrapy.extensions.telnet.TelnetConsole',
 'scrapy.extensions.corestats.CoreStats']
2016-06-06 18:06:45 [scrapy] INFO: Enabled downloader middlewares:
['scrapy.downloadermiddlewares.httpauth.HttpAuthMiddleware',
 'scrapy.downloadermiddlewares.downloadtimeout.DownloadTimeoutMiddleware',
 'scrapy.downloadermiddlewares.useragent.UserAgentMiddleware',
 'scrapy.downloadermiddlewares.retry.RetryMiddleware',
 'scrapy.downloadermiddlewares.defaultheaders.DefaultHeadersMiddleware',
 'scrapy.downloadermiddlewares.redirect.MetaRefreshMiddleware',
 'scrapy.downloadermiddlewares.httpcompression.HttpCompressionMiddleware',
 'scrapy.downloadermiddlewares.redirect.RedirectMiddleware',
 'scrapy.downloadermiddlewares.cookies.CookiesMiddleware',
 'scrapy.downloadermiddlewares.chunked.ChunkedTransferMiddleware',
 'scrapy.downloadermiddlewares.stats.DownloaderStats']
2016-06-06 18:06:45 [scrapy] INFO: Enabled spider middlewares:
['scrapy.spidermiddlewares.httperror.HttpErrorMiddleware',
 'scrapy.spidermiddlewares.offsite.OffsiteMiddleware',
 'scrapy.spidermiddlewares.referer.RefererMiddleware',
 'scrapy.spidermiddlewares.urllength.UrlLengthMiddleware',
 'scrapy.spidermiddlewares.depth.DepthMiddleware']
2016-06-06 18:06:45 [scrapy] INFO: Enabled item pipelines:
['baidu.pipelines.BaiduPipeline']
2016-06-06 18:06:45 [scrapy] INFO: Spider opened
2016-06-06 18:06:45 [scrapy] INFO: Crawled 0 pages (at 0 pages/min), scraped 0 items (at 0 items/min)
2016-06-06 18:06:45 [scrapy] DEBUG: Telnet console listening on 127.0.0.1:6023
2016-06-06 18:06:45 [scrapy] DEBUG: Redirecting (301) to <GET http://shouji.baidu.com/game/?from=as> from <GET http://as.baidu.com/a/asgame?f=web_alad%40next%40rank_3000_1>
2016-06-06 18:06:47 [scrapy] DEBUG: Crawled (200) <GET http://shouji.baidu.com/game/?from=as> (referer: None)
2016-06-06 18:06:47 [py.warnings] WARNING: /home/gxj/Downloads/baidu1/baidu/spiders/game.py:26: ScrapyDeprecationWarning: log.msg has been deprecated, create a python logger and log through it instead
  log.msg("dkfjkjkdsjfksjdkfj")

2016-06-06 18:06:47 [scrapy] INFO: dkfjkjkdsjfksjdkfj
2016-06-06 18:06:47 [stdout] INFO: ++++++++++++++++++++++++
2016-06-06 18:06:47 [stdout] INFO: http://shouji.baidu.com/game/401/
2016-06-06 18:06:48 [scrapy] DEBUG: Crawled (200) <GET http://shouji.baidu.com/game/401/> (referer: http://shouji.baidu.com/game/?from=as)
2016-06-06 18:06:48 [stdout] INFO: @@@@@@@@@@@@@@@@@
2016-06-06 18:06:48 [stdout] INFO: http://shouji.baidu.com/game/401/
2016-06-06 18:06:48 [stdout] INFO: 000000000
2016-06-06 18:06:48 [stdout] INFO: <Selector xpath=None data=u'<html lang="zh"><head>\n<meta http-equiv='>
2016-06-06 18:06:49 [scrapy] DEBUG: Crawled (200) <GET http://shouji.baidu.com/game/401/list_1.html> (referer: http://shouji.baidu.com/game/401/)
2016-06-06 18:06:49 [stdout] INFO: ----------------
2016-06-06 18:06:49 [stdout] INFO: http://shouji.baidu.com/game/401/list_1.html
2016-06-06 18:06:50 [scrapy] DEBUG: Crawled (200) <GET http://shouji.baidu.com/game//game/9429567.html> (referer: http://shouji.baidu.com/game/401/list_1.html)
2016-06-06 18:06:50 [scrapy] DEBUG: Scraped from <200 http://shouji.baidu.com/game//game/9429567.html>
{'game_download_times': u'\u4e0b\u8f7d\u6b21\u6570: 1.3\u4ebf',
 'game_id': u'\u5b98\u65b9\u7248',
 'game_name': u'\u5f00\u5fc3\u6d88\u6d88\u4e50',
 'game_size': u'\u5927\u5c0f: 37.5MB',
 'game_type_name': u'\u4f11\u95f2\u76ca\u667a'}
2016-06-06 18:06:50 [scrapy] DEBUG: Crawled (200) <GET http://shouji.baidu.com/game//game/7705930.html> (referer: http://shouji.baidu.com/game/401/list_1.html)
2016-06-06 18:06:51 [scrapy] DEBUG: Scraped from <200 http://shouji.baidu.com/game//game/7705930.html>
{'game_download_times': u'\u4e0b\u8f7d\u6b21\u6570: 694\u4e07',
 'game_id': u'MTC\u8ba4\u8bc1',
 'game_name': u'\u70b9\u70b9\u6d88\u6d88\u4e50',
 'game_size': u'\u5927\u5c0f: 3.8MB',
 'game_type_name': u'\u4f11\u95f2\u76ca\u667a'}
2016-06-06 18:06:52 [scrapy] DEBUG: Crawled (200) <GET http://shouji.baidu.com/game//game/9310755.html> (referer: http://shouji.baidu.com/game/401/list_1.html)
2016-06-06 18:06:52 [scrapy] DEBUG: Scraped from <200 http://shouji.baidu.com/game//game/9310755.html>
{'game_download_times': u'\u4e0b\u8f7d\u6b21\u6570: 966\u4e07',
 'game_id': u'\u5b98\u65b9\u7248',
 'game_name': u'\u7cd6\u679c\u840c\u840c\u6d88',
 'game_size': u'\u5927\u5c0f: 63.1MB',
 'game_type_name': u'\u4f11\u95f2\u76ca\u667a'}
2016-06-06 18:06:53 [scrapy] DEBUG: Crawled (200) <GET http://shouji.baidu.com/game//game/8814840.html> (referer: http://shouji.baidu.com/game/401/list_1.html)
2016-06-06 18:06:53 [scrapy] DEBUG: Scraped from <200 http://shouji.baidu.com/game//game/8814840.html>
{'game_download_times': u'\u4e0b\u8f7d\u6b21\u6570: 650\u4e07',
 'game_id': u'\u5b98\u65b9\u7248',
 'game_name': u'\u62f3\u768797',
 'game_size': u'\u5927\u5c0f: 61.2MB',
 'game_type_name': u'\u4f11\u95f2\u76ca\u667a'}
2016-06-06 18:06:54 [scrapy] DEBUG: Crawled (200) <GET http://shouji.baidu.com/game//game/4928355.html> (referer: http://shouji.baidu.com/game/401/list_1.html)
2016-06-06 18:06:54 [scrapy] DEBUG: Scraped from <200 http://shouji.baidu.com/game//game/4928355.html>
{'game_download_times': u'\u4e0b\u8f7d\u6b21\u6570: 1324\u4e07',
 'game_id': u'\u5b89\u5168',
 'game_name': u'\u8da3\u5473\u6ce1\u6ce1\u9f99',
 'game_size': u'\u5927\u5c0f: 1.7MB',
 'game_type_name': u'\u4f11\u95f2\u76ca\u667a'}
2016-06-06 18:06:56 [scrapy] DEBUG: Crawled (200) <GET http://shouji.baidu.com/game//game/9440298.html> (referer: http://shouji.baidu.com/game/401/list_1.html)
2016-06-06 18:06:56 [scrapy] DEBUG: Scraped from <200 http://shouji.baidu.com/game//game/9440298.html>
{'game_download_times': u'\u4e0b\u8f7d\u6b21\u6570: 542\u4e07',
 'game_id': u'\u5b98\u65b9\u7248',
 'game_name': u'\u556a\u556a\u6e38\u620f\u5385',
 'game_size': u'\u5927\u5c0f: 9.2MB',
 'game_type_name': u'\u4f11\u95f2\u76ca\u667a'}
2016-06-06 18:06:56 [scrapy] DEBUG: Crawled (200) <GET http://shouji.baidu.com/game//game/7997448.html> (referer: http://shouji.baidu.com/game/401/list_1.html)
2016-06-06 18:06:57 [scrapy] DEBUG: Scraped from <200 http://shouji.baidu.com/game//game/7997448.html>
{'game_download_times': u'\u4e0b\u8f7d\u6b21\u6570: 968\u4e07',
 'game_id': u'\u5b98\u65b9\u7248',
 'game_name': u'\u8001\u7238\u66fe\u662f\u5c0f\u5077',
 'game_size': u'\u5927\u5c0f: 32.3MB',
 'game_type_name': u'\u4f11\u95f2\u76ca\u667a'}
2016-06-06 18:06:58 [scrapy] DEBUG: Crawled (200) <GET http://shouji.baidu.com/game//game/7755926.html> (referer: http://shouji.baidu.com/game/401/list_1.html)
2016-06-06 18:06:58 [scrapy] DEBUG: Scraped from <200 http://shouji.baidu.com/game//game/7755926.html>
{'game_download_times': u'\u4e0b\u8f7d\u6b21\u6570: 1700\u4e07',
 'game_id': u'\u5b98\u65b9\u7248',
 'game_name': u'\u8da3\u5473\u8fde\u8fde\u770b',
 'game_size': u'\u5927\u5c0f: 2.2MB',
 'game_type_name': u'\u4f11\u95f2\u76ca\u667a'}
2016-06-06 18:06:59 [scrapy] DEBUG: Crawled (200) <GET http://shouji.baidu.com/game//game/8754588.html> (referer: http://shouji.baidu.com/game/401/list_1.html)
2016-06-06 18:06:59 [scrapy] DEBUG: Scraped from <200 http://shouji.baidu.com/game//game/8754588.html>
{'game_download_times': u'\u4e0b\u8f7d\u6b21\u6570: 499\u4e07',
 'game_id': u'\u5b89\u5168',
 'game_name': u'\u4e00\u8d77\u6d88\u6c34\u679c',
 'game_size': u'\u5927\u5c0f: 2.4MB',
 'game_type_name': u'\u4f11\u95f2\u76ca\u667a'}
2016-06-06 18:07:00 [scrapy] DEBUG: Crawled (200) <GET http://shouji.baidu.com/game//game/8580300.html> (referer: http://shouji.baidu.com/game/401/list_1.html)
2016-06-06 18:07:00 [scrapy] DEBUG: Scraped from <200 http://shouji.baidu.com/game//game/8580300.html>
{'game_download_times': u'\u4e0b\u8f7d\u6b21\u6570: 233\u4e07',
 'game_id': u'\u5b89\u5168',
 'game_name': u'\u4ed3\u9f20\u5927\u9003\u4ea1',
 'game_size': u'\u5927\u5c0f: 7.0MB',
 'game_type_name': u'\u4f11\u95f2\u76ca\u667a'}
2016-06-06 18:07:02 [scrapy] DEBUG: Crawled (200) <GET http://shouji.baidu.com/game//game/6953208.html> (referer: http://shouji.baidu.com/game/401/list_1.html)
2016-06-06 18:07:02 [scrapy] DEBUG: Scraped from <200 http://shouji.baidu.com/game//game/6953208.html>
{'game_download_times': u'\u4e0b\u8f7d\u6b21\u6570: 1340\u4e07',
 'game_id': u'MTC\u8ba4\u8bc1',
 'game_name': u'\u770b\u4f60\u6709\u591a\u8272',
 'game_size': u'\u5927\u5c0f: 0.1MB',
 'game_type_name': u'\u4f11\u95f2\u76ca\u667a'}
2016-06-06 18:07:03 [scrapy] DEBUG: Crawled (200) <GET http://shouji.baidu.com/game//game/9199496.html> (referer: http://shouji.baidu.com/game/401/list_1.html)
2016-06-06 18:07:03 [scrapy] DEBUG: Scraped from <200 http://shouji.baidu.com/game//game/9199496.html>
{'game_download_times': u'\u4e0b\u8f7d\u6b21\u6570: 319\u4e07',
 'game_id': u'\u5b98\u65b9\u7248',
 'game_name': u'\u732a\u732a\u4fa0\u767e\u53d8\u98de\u8f66',
 'game_size': u'\u5927\u5c0f: 41.7MB',
 'game_type_name': u'\u4f11\u95f2\u76ca\u667a'}
2016-06-06 18:07:04 [scrapy] DEBUG: Crawled (200) <GET http://shouji.baidu.com/game//game/9467409.html> (referer: http://shouji.baidu.com/game/401/list_1.html)
2016-06-06 18:07:04 [scrapy] DEBUG: Scraped from <200 http://shouji.baidu.com/game//game/9467409.html>
{'game_download_times': u'\u4e0b\u8f7d\u6b21\u6570: 593\u4e07',
 'game_id': u'\u5b98\u65b9\u7248',
 'game_name': u'\u75af\u72c2\u7684\u6355\u9c7c',
 'game_size': u'\u5927\u5c0f: 23.9MB',
 'game_type_name': u'\u4f11\u95f2\u76ca\u667a'}
2016-06-06 18:07:05 [scrapy] DEBUG: Crawled (200) <GET http://shouji.baidu.com/game//game/6941840.html> (referer: http://shouji.baidu.com/game/401/list_1.html)
2016-06-06 18:07:05 [scrapy] DEBUG: Scraped from <200 http://shouji.baidu.com/game//game/6941840.html>
{'game_download_times': u'\u4e0b\u8f7d\u6b21\u6570: 1313\u4e07',
 'game_id': u'MTC\u8ba4\u8bc1',
 'game_name': u'\u6447\u6446\u76f4\u5347\u673a',
 'game_size': u'\u5927\u5c0f: 0.1MB',
 'game_type_name': u'\u4f11\u95f2\u76ca\u667a'}
2016-06-06 18:07:06 [scrapy] DEBUG: Crawled (200) <GET http://shouji.baidu.com/game//game/6952389.html> (referer: http://shouji.baidu.com/game/401/list_1.html)
2016-06-06 18:07:07 [scrapy] DEBUG: Scraped from <200 http://shouji.baidu.com/game//game/6952389.html>
{'game_download_times': u'\u4e0b\u8f7d\u6b21\u6570: 1353\u4e07',
 'game_id': u'MTC\u8ba4\u8bc1',
 'game_name': u'\u5de6\u53f3\u8111\u534f\u8c03',
 'game_size': u'\u5927\u5c0f: 0.1MB',
 'game_type_name': u'\u4f11\u95f2\u76ca\u667a'}
2016-06-06 18:07:07 [scrapy] DEBUG: Crawled (200) <GET http://shouji.baidu.com/game//game/7432381.html> (referer: http://shouji.baidu.com/game/401/list_1.html)
2016-06-06 18:07:08 [scrapy] DEBUG: Scraped from <200 http://shouji.baidu.com/game//game/7432381.html>
{'game_download_times': u'\u4e0b\u8f7d\u6b21\u6570: 243\u4e07',
 'game_id': u'\u5b89\u5168',
 'game_name': u'\u5929\u5929\u8fc7\u9a6c\u8def(\u4e2d\u6587\u7248)',
 'game_size': u'\u5927\u5c0f: 18.6MB',
 'game_type_name': u'\u4f11\u95f2\u76ca\u667a'}
2016-06-06 18:07:09 [scrapy] DEBUG: Crawled (200) <GET http://shouji.baidu.com/game//game/6956423.html> (referer: http://shouji.baidu.com/game/401/list_1.html)
2016-06-06 18:07:09 [scrapy] DEBUG: Scraped from <200 http://shouji.baidu.com/game//game/6956423.html>
{'game_download_times': u'\u4e0b\u8f7d\u6b21\u6570: 1291\u4e07',
 'game_id': u'MTC\u8ba4\u8bc1',
 'game_name': u'\u75af\u72c2\u51b0\u6876\u6311\u6218',
 'game_size': u'\u5927\u5c0f: 0.1MB',
 'game_type_name': u'\u4f11\u95f2\u76ca\u667a'}
2016-06-06 18:07:10 [scrapy] DEBUG: Crawled (200) <GET http://shouji.baidu.com/game//game/9460954.html> (referer: http://shouji.baidu.com/game/401/list_1.html)
2016-06-06 18:07:10 [scrapy] DEBUG: Scraped from <200 http://shouji.baidu.com/game//game/9460954.html>
{'game_download_times': u'\u4e0b\u8f7d\u6b21\u6570: 1798\u4e07',
 'game_id': u'\u5b98\u65b9\u7248',
 'game_name': u'\u679c\u5b9d\u4e09\u56fd',
 'game_size': u'\u5927\u5c0f: 61.3MB',
 'game_type_name': u'\u4f11\u95f2\u76ca\u667a'}
2016-06-06 18:07:11 [scrapy] DEBUG: Crawled (200) <GET http://shouji.baidu.com/game//game/9311702.html> (referer: http://shouji.baidu.com/game/401/list_1.html)
2016-06-06 18:07:11 [scrapy] DEBUG: Scraped from <200 http://shouji.baidu.com/game//game/9311702.html>
{'game_download_times': u'\u4e0b\u8f7d\u6b21\u6570: 881\u4e07',
 'game_id': u'\u5b98\u65b9\u7248',
 'game_name': u'\u70ab\u821e\u6d6a\u6f2b\u7231',
 'game_size': u'\u5927\u5c0f: 283.6MB',
 'game_type_name': u'\u4f11\u95f2\u76ca\u667a'}
2016-06-06 18:07:12 [scrapy] DEBUG: Crawled (200) <GET http://shouji.baidu.com/game//game/9397815.html> (referer: http://shouji.baidu.com/game/401/list_1.html)
2016-06-06 18:07:12 [scrapy] DEBUG: Scraped from <200 http://shouji.baidu.com/game//game/9397815.html>
{'game_download_times': u'\u4e0b\u8f7d\u6b21\u6570: 2771\u4e07',
 'game_id': u'\u5b98\u65b9\u7248',
 'game_name': u'\u6ed1\u96ea\u5927\u5192\u9669',
 'game_size': u'\u5927\u5c0f: 40.3MB',
 'game_type_name': u'\u4f11\u95f2\u76ca\u667a'}
2016-06-06 18:07:14 [scrapy] DEBUG: Crawled (200) <GET http://shouji.baidu.com/game//game/9402253.html> (referer: http://shouji.baidu.com/game/401/list_1.html)
2016-06-06 18:07:14 [scrapy] DEBUG: Scraped from <200 http://shouji.baidu.com/game//game/9402253.html>
{'game_download_times': u'\u4e0b\u8f7d\u6b21\u6570: 2872\u4e07',
 'game_id': u'\u5b98\u65b9\u7248',
 'game_name': u'\u795e\u5077\u5976\u7238:\u5c0f\u9ec4\u4eba\u5feb\u8dd1',
 'game_size': u'\u5927\u5c0f: 116.1MB',
 'game_type_name': u'\u4f11\u95f2\u76ca\u667a'}
2016-06-06 18:07:15 [scrapy] DEBUG: Crawled (200) <GET http://shouji.baidu.com/game//game/8316577.html> (referer: http://shouji.baidu.com/game/401/list_1.html)
2016-06-06 18:07:15 [scrapy] DEBUG: Scraped from <200 http://shouji.baidu.com/game//game/8316577.html>
{'game_download_times': u'\u4e0b\u8f7d\u6b21\u6570: 955\u4e07',
 'game_id': u'\u5b89\u5168',
 'game_name': u'2048(\u7ecf\u5178\u7248)',
 'game_size': u'\u5927\u5c0f: 5.7MB',
 'game_type_name': u'\u4f11\u95f2\u76ca\u667a'}
2016-06-06 18:07:16 [scrapy] DEBUG: Crawled (200) <GET http://shouji.baidu.com/game//game/8894666.html> (referer: http://shouji.baidu.com/game/401/list_1.html)
2016-06-06 18:07:16 [scrapy] DEBUG: Scraped from <200 http://shouji.baidu.com/game//game/8894666.html>
{'game_download_times': u'\u4e0b\u8f7d\u6b21\u6570: 3318\u4e07',
 'game_id': u'\u5b98\u65b9\u7248',
 'game_name': u'\u4fdd\u536b\u841d\u535c2',
 'game_size': u'\u5927\u5c0f: 77.0MB',
 'game_type_name': u'\u4f11\u95f2\u76ca\u667a'}
2016-06-06 18:07:17 [scrapy] DEBUG: Crawled (200) <GET http://shouji.baidu.com/game//game/9437026.html> (referer: http://shouji.baidu.com/game/401/list_1.html)
2016-06-06 18:07:17 [scrapy] DEBUG: Scraped from <200 http://shouji.baidu.com/game//game/9437026.html>
{'game_download_times': u'\u4e0b\u8f7d\u6b21\u6570: 427\u4e07',
 'game_id': u'\u5b98\u65b9\u7248',
 'game_name': u'\u718a\u51fa\u6ca13\u58ee\u5fd7\u718a\u5fc3',
 'game_size': u'\u5927\u5c0f: 53.6MB',
 'game_type_name': u'\u4f11\u95f2\u76ca\u667a'}
2016-06-06 18:07:19 [scrapy] DEBUG: Crawled (200) <GET http://shouji.baidu.com/game//game/9446611.html> (referer: http://shouji.baidu.com/game/401/list_1.html)
2016-06-06 18:07:19 [scrapy] DEBUG: Scraped from <200 http://shouji.baidu.com/game//game/9446611.html>
{'game_download_times': u'\u4e0b\u8f7d\u6b21\u6570: 8175\u4e07',
 'game_id': u'\u5b98\u65b9\u7248',
 'game_name': u'\u6d88\u706d\u661f\u661f',
 'game_size': u'\u5927\u5c0f: 10.9MB',
 'game_type_name': u'\u4f11\u95f2\u76ca\u667a'}
2016-06-06 18:07:20 [scrapy] DEBUG: Crawled (200) <GET http://shouji.baidu.com/game//game/9441319.html> (referer: http://shouji.baidu.com/game/401/list_1.html)
2016-06-06 18:07:20 [scrapy] DEBUG: Scraped from <200 http://shouji.baidu.com/game//game/9441319.html>
{'game_download_times': u'\u4e0b\u8f7d\u6b21\u6570: 36\u4e07',
 'game_id': u'\u5b89\u5168',
 'game_name': u'\u5c0f\u718a\u7ade\u6280\u53f0',
 'game_size': u'\u5927\u5c0f: 11.1MB',
 'game_type_name': u'\u4f11\u95f2\u76ca\u667a'}
2016-06-06 18:07:21 [scrapy] DEBUG: Crawled (200) <GET http://shouji.baidu.com/game//game/9217549.html> (referer: http://shouji.baidu.com/game/401/list_1.html)
2016-06-06 18:07:21 [scrapy] DEBUG: Scraped from <200 http://shouji.baidu.com/game//game/9217549.html>
{'game_download_times': u'\u4e0b\u8f7d\u6b21\u6570: 1563\u4e07',
 'game_id': u'\u5b98\u65b9\u7248',
 'game_name': u'\u767b\u5c71\u8d5b\u8f66',
 'game_size': u'\u5927\u5c0f: 44.7MB',
 'game_type_name': u'\u4f11\u95f2\u76ca\u667a'}
2016-06-06 18:07:22 [scrapy] DEBUG: Crawled (200) <GET http://shouji.baidu.com/game//game/9460469.html> (referer: http://shouji.baidu.com/game/401/list_1.html)
2016-06-06 18:07:22 [scrapy] DEBUG: Scraped from <200 http://shouji.baidu.com/game//game/9460469.html>
{'game_download_times': u'\u4e0b\u8f7d\u6b21\u6570: 1283\u4e07',
 'game_id': u'\u5b98\u65b9\u7248',
 'game_name': u'\u9965\u997f\u9ca8:\u8fdb\u5316',
 'game_size': u'\u5927\u5c0f: 85.2MB',
 'game_type_name': u'\u4f11\u95f2\u76ca\u667a'}
2016-06-06 18:07:23 [scrapy] DEBUG: Crawled (200) <GET http://shouji.baidu.com/game//game/9387341.html> (referer: http://shouji.baidu.com/game/401/list_1.html)
2016-06-06 18:07:23 [scrapy] DEBUG: Scraped from <200 http://shouji.baidu.com/game//game/9387341.html>
{'game_download_times': u'\u4e0b\u8f7d\u6b21\u6570: 1497\u4e07',
 'game_id': u'\u5b89\u5168',
 'game_name': u'\u5947\u8ff9\u6696\u6696',
 'game_size': u'\u5927\u5c0f: 350.9MB',
 'game_type_name': u'\u4f11\u95f2\u76ca\u667a'}
2016-06-06 18:07:24 [scrapy] DEBUG: Crawled (200) <GET http://shouji.baidu.com/game//game/9313861.html> (referer: http://shouji.baidu.com/game/401/list_1.html)
2016-06-06 18:07:25 [scrapy] DEBUG: Scraped from <200 http://shouji.baidu.com/game//game/9313861.html>
{'game_download_times': u'\u4e0b\u8f7d\u6b21\u6570: 622\u4e07',
 'game_id': u'\u5b89\u5168',
 'game_name': u'\u4fa0\u76d7\u6469\u6258\u98de\u8f66',
 'game_size': u'\u5927\u5c0f: 4.5MB',
 'game_type_name': u'\u4f11\u95f2\u76ca\u667a'}
2016-06-06 18:07:26 [scrapy] DEBUG: Crawled (200) <GET http://shouji.baidu.com/game//game/9474299.html> (referer: http://shouji.baidu.com/game/401/list_1.html)
2016-06-06 18:07:26 [scrapy] DEBUG: Scraped from <200 http://shouji.baidu.com/game//game/9474299.html>
{'game_download_times': u'\u4e0b\u8f7d\u6b21\u6570: 1125\u4e07',
 'game_id': u'\u5b98\u65b9\u7248',
 'game_name': u'\u94a2\u7434\u57572',
 'game_size': u'\u5927\u5c0f: 24.1MB',
 'game_type_name': u'\u4f11\u95f2\u76ca\u667a'}
2016-06-06 18:07:27 [scrapy] DEBUG: Crawled (200) <GET http://shouji.baidu.com/game//game/9467840.html> (referer: http://shouji.baidu.com/game/401/list_1.html)
2016-06-06 18:07:27 [scrapy] DEBUG: Scraped from <200 http://shouji.baidu.com/game//game/9467840.html>
{'game_download_times': u'\u4e0b\u8f7d\u6b21\u6570: 5199\u4e07',
 'game_id': u'\u5b98\u65b9\u7248',
 'game_name': u'\u690d\u7269\u5927\u6218\u50f5\u5c382(\u9ad8\u6e05\u7248)',
 'game_size': u'\u5927\u5c0f: 144.5MB',
 'game_type_name': u'\u4f11\u95f2\u76ca\u667a'}
2016-06-06 18:07:28 [scrapy] DEBUG: Crawled (200) <GET http://shouji.baidu.com/game//game/9277454.html> (referer: http://shouji.baidu.com/game/401/list_1.html)
2016-06-06 18:07:29 [scrapy] DEBUG: Scraped from <200 http://shouji.baidu.com/game//game/9277454.html>
{'game_download_times': u'\u4e0b\u8f7d\u6b21\u6570: 1270\u4e07',
 'game_id': u'\u5b98\u65b9\u7248',
 'game_name': u'\u6211\u7684\u5b89\u5409\u62c9',
 'game_size': u'\u5927\u5c0f: 86.7MB',
 'game_type_name': u'\u4f11\u95f2\u76ca\u667a'}
2016-06-06 18:07:30 [scrapy] DEBUG: Crawled (200) <GET http://shouji.baidu.com/game//game/7503191.html> (referer: http://shouji.baidu.com/game/401/list_1.html)
2016-06-06 18:07:30 [scrapy] DEBUG: Scraped from <200 http://shouji.baidu.com/game//game/7503191.html>
{'game_download_times': u'\u4e0b\u8f7d\u6b21\u6570: 493\u4e07',
 'game_id': u'\u5b89\u5168',
 'game_name': u'\u5f00\u5fc3\u8fde\u8fde\u770b',
 'game_size': u'\u5927\u5c0f: 4.3MB',
 'game_type_name': u'\u4f11\u95f2\u76ca\u667a'}
2016-06-06 18:07:31 [scrapy] DEBUG: Crawled (200) <GET http://shouji.baidu.com/game//game/7632451.html> (referer: http://shouji.baidu.com/game/401/list_1.html)
2016-06-06 18:07:31 [scrapy] DEBUG: Scraped from <200 http://shouji.baidu.com/game//game/7632451.html>
{'game_download_times': u'\u4e0b\u8f7d\u6b21\u6570: 493\u4e07',
 'game_id': u'MTC\u8ba4\u8bc1',
 'game_name': u'\u5f00\u5fc3\u5bf9\u5bf9\u7cd6',
 'game_size': u'\u5927\u5c0f: 3.4MB',
 'game_type_name': u'\u4f11\u95f2\u76ca\u667a'}
2016-06-06 18:07:32 [scrapy] DEBUG: Crawled (200) <GET http://shouji.baidu.com/game//game/6967894.html> (referer: http://shouji.baidu.com/game/401/list_1.html)
2016-06-06 18:07:33 [scrapy] DEBUG: Scraped from <200 http://shouji.baidu.com/game//game/6967894.html>
{'game_download_times': u'\u4e0b\u8f7d\u6b21\u6570: 492\u4e07',
 'game_id': u'MTC\u8ba4\u8bc1',
 'game_name': u'\u661f\u661f\u5927\u5192\u9669',
 'game_size': u'\u5927\u5c0f: 6.7MB',
 'game_type_name': u'\u4f11\u95f2\u76ca\u667a'}
2016-06-06 18:07:34 [scrapy] DEBUG: Crawled (200) <GET http://shouji.baidu.com/game//game/9387289.html> (referer: http://shouji.baidu.com/game/401/list_1.html)
2016-06-06 18:07:34 [scrapy] DEBUG: Scraped from <200 http://shouji.baidu.com/game//game/9387289.html>
{'game_download_times': u'\u4e0b\u8f7d\u6b21\u6570: 2247\u4e07',
 'game_id': u'\u5b98\u65b9\u7248',
 'game_name': u'\u6211\u7684\u6c64\u59c6\u732b',
 'game_size': u'\u5927\u5c0f: 72.1MB',
 'game_type_name': u'\u4f11\u95f2\u76ca\u667a'}
2016-06-06 18:07:35 [scrapy] DEBUG: Crawled (200) <GET http://shouji.baidu.com/game//game/9445087.html> (referer: http://shouji.baidu.com/game/401/list_1.html)
2016-06-06 18:07:35 [scrapy] DEBUG: Scraped from <200 http://shouji.baidu.com/game//game/9445087.html>
{'game_download_times': u'\u4e0b\u8f7d\u6b21\u6570: 2172\u4e07',
 'game_id': u'\u5b98\u65b9\u7248',
 'game_name': u'\u5954\u8dd1\u5427\u5144\u5f1f4-\u6495\u540d\u724c\u5927\u6218',
 'game_size': u'\u5927\u5c0f: 81.7MB',
 'game_type_name': u'\u4f11\u95f2\u76ca\u667a'}
2016-06-06 18:07:37 [scrapy] DEBUG: Crawled (200) <GET http://shouji.baidu.com/game//game/8107414.html> (referer: http://shouji.baidu.com/game/401/list_1.html)
2016-06-06 18:07:37 [scrapy] DEBUG: Scraped from <200 http://shouji.baidu.com/game//game/8107414.html>
{'game_download_times': u'\u4e0b\u8f7d\u6b21\u6570: 2273\u4e07',
 'game_id': u'\u5b89\u5168',
 'game_name': u'\u731c\u731c\u731c',
 'game_size': u'\u5927\u5c0f: 20.7MB',
 'game_type_name': u'\u4f11\u95f2\u76ca\u667a'}
2016-06-06 18:07:38 [scrapy] DEBUG: Crawled (200) <GET http://shouji.baidu.com/game//game/9451123.html> (referer: http://shouji.baidu.com/game/401/list_1.html)
2016-06-06 18:07:38 [scrapy] DEBUG: Scraped from <200 http://shouji.baidu.com/game//game/9451123.html>
{'game_download_times': u'\u4e0b\u8f7d\u6b21\u6570: 2849\u4e07',
 'game_id': u'\u5b98\u65b9\u7248',
 'game_name': u'\u7403\u7403\u5927\u4f5c\u6218',
 'game_size': u'\u5927\u5c0f: 46.2MB',
 'game_type_name': u'\u4f11\u95f2\u76ca\u667a'}
2016-06-06 18:07:38 [scrapy] INFO: Closing spider (finished)
2016-06-06 18:07:38 [scrapy] INFO: Dumping Scrapy stats:
{'downloader/request_bytes': 15449,
 'downloader/request_count': 44,
 'downloader/request_method_count/GET': 44,
 'downloader/response_bytes': 580876,
 'downloader/response_count': 44,
 'downloader/response_status_count/200': 43,
 'downloader/response_status_count/301': 1,
 'finish_reason': 'finished',
 'finish_time': datetime.datetime(2016, 6, 6, 10, 7, 38, 661010),
 'item_scraped_count': 40,
 'log_count/DEBUG': 85,
 'log_count/INFO': 16,
 'log_count/WARNING': 1,
 'request_depth_max': 3,
 'response_received_count': 43,
 'scheduler/dequeued': 44,
 'scheduler/dequeued/memory': 44,
 'scheduler/enqueued': 44,
 'scheduler/enqueued/memory': 44,
 'start_time': datetime.datetime(2016, 6, 6, 10, 6, 45, 232972)}
2016-06-06 18:07:38 [scrapy] INFO: Spider closed (finished)
2016-06-06 18:07:49 [scrapy] INFO: Scrapy 1.1.0 started (bot: baidu)
2016-06-06 18:07:49 [scrapy] INFO: Overridden settings: {'NEWSPIDER_MODULE': 'baidu.spiders', 'CONCURRENT_REQUESTS': 10, 'SPIDER_MODULES': ['baidu.spiders'], 'BOT_NAME': 'baidu', 'LOG_STDOUT': True, 'LOG_FILE': './baidu.log', 'DOWNLOAD_DELAY': 1.0}
2016-06-06 18:07:49 [scrapy] INFO: Enabled extensions:
['scrapy.extensions.logstats.LogStats',
 'scrapy.extensions.telnet.TelnetConsole',
 'scrapy.extensions.corestats.CoreStats']
2016-06-06 18:07:49 [scrapy] INFO: Enabled downloader middlewares:
['scrapy.downloadermiddlewares.httpauth.HttpAuthMiddleware',
 'scrapy.downloadermiddlewares.downloadtimeout.DownloadTimeoutMiddleware',
 'scrapy.downloadermiddlewares.useragent.UserAgentMiddleware',
 'scrapy.downloadermiddlewares.retry.RetryMiddleware',
 'scrapy.downloadermiddlewares.defaultheaders.DefaultHeadersMiddleware',
 'scrapy.downloadermiddlewares.redirect.MetaRefreshMiddleware',
 'scrapy.downloadermiddlewares.httpcompression.HttpCompressionMiddleware',
 'scrapy.downloadermiddlewares.redirect.RedirectMiddleware',
 'scrapy.downloadermiddlewares.cookies.CookiesMiddleware',
 'scrapy.downloadermiddlewares.chunked.ChunkedTransferMiddleware',
 'scrapy.downloadermiddlewares.stats.DownloaderStats']
2016-06-06 18:07:49 [scrapy] INFO: Enabled spider middlewares:
['scrapy.spidermiddlewares.httperror.HttpErrorMiddleware',
 'scrapy.spidermiddlewares.offsite.OffsiteMiddleware',
 'scrapy.spidermiddlewares.referer.RefererMiddleware',
 'scrapy.spidermiddlewares.urllength.UrlLengthMiddleware',
 'scrapy.spidermiddlewares.depth.DepthMiddleware']
2016-06-06 18:07:49 [scrapy] INFO: Enabled item pipelines:
['baidu.pipelines.BaiduPipeline']
2016-06-06 18:07:49 [scrapy] INFO: Spider opened
2016-06-06 18:07:49 [scrapy] INFO: Crawled 0 pages (at 0 pages/min), scraped 0 items (at 0 items/min)
2016-06-06 18:07:49 [scrapy] DEBUG: Telnet console listening on 127.0.0.1:6023
2016-06-06 18:07:49 [scrapy] DEBUG: Redirecting (301) to <GET http://shouji.baidu.com/game/?from=as> from <GET http://as.baidu.com/a/asgame?f=web_alad%40next%40rank_3000_1>
2016-06-06 18:08:02 [scrapy] DEBUG: Crawled (200) <GET http://shouji.baidu.com/game/?from=as> (referer: None)
2016-06-06 18:08:02 [py.warnings] WARNING: /home/gxj/Downloads/baidu1/baidu/spiders/game.py:26: ScrapyDeprecationWarning: log.msg has been deprecated, create a python logger and log through it instead
  log.msg("dkfjkjkdsjfksjdkfj")

2016-06-06 18:08:02 [scrapy] INFO: dkfjkjkdsjfksjdkfj
2016-06-06 18:08:02 [stdout] INFO: ++++++++++++++++++++++++
2016-06-06 18:08:02 [stdout] INFO: http://shouji.baidu.com/game/401/
2016-06-06 18:08:03 [scrapy] DEBUG: Crawled (200) <GET http://shouji.baidu.com/game/401/> (referer: http://shouji.baidu.com/game/?from=as)
2016-06-06 18:08:03 [stdout] INFO: @@@@@@@@@@@@@@@@@
2016-06-06 18:08:03 [stdout] INFO: http://shouji.baidu.com/game/401/
2016-06-06 18:08:03 [stdout] INFO: 000000000
2016-06-06 18:08:03 [stdout] INFO: <Selector xpath=None data=u'<html lang="zh"><head>\n<meta http-equiv='>
2016-06-06 18:08:04 [scrapy] DEBUG: Crawled (200) <GET http://shouji.baidu.com/game/401/list_1.html> (referer: http://shouji.baidu.com/game/401/)
2016-06-06 18:08:04 [stdout] INFO: ----------------
2016-06-06 18:08:04 [stdout] INFO: http://shouji.baidu.com/game/401/list_1.html
2016-06-06 18:08:05 [scrapy] DEBUG: Crawled (200) <GET http://shouji.baidu.com/game//game/9429567.html> (referer: http://shouji.baidu.com/game/401/list_1.html)
2016-06-06 18:08:05 [scrapy] DEBUG: Scraped from <200 http://shouji.baidu.com/game//game/9429567.html>
{'game_download_times': u'\u4e0b\u8f7d\u6b21\u6570: 1.3\u4ebf',
 'game_id': u'\u5b98\u65b9\u7248',
 'game_name': u'\u5f00\u5fc3\u6d88\u6d88\u4e50',
 'game_size': u'\u5927\u5c0f: 37.5MB',
 'game_type_name': u'\u4f11\u95f2\u76ca\u667a'}
2016-06-06 18:08:06 [scrapy] DEBUG: Crawled (200) <GET http://shouji.baidu.com/game//game/7705930.html> (referer: http://shouji.baidu.com/game/401/list_1.html)
2016-06-06 18:08:06 [scrapy] DEBUG: Scraped from <200 http://shouji.baidu.com/game//game/7705930.html>
{'game_download_times': u'\u4e0b\u8f7d\u6b21\u6570: 694\u4e07',
 'game_id': u'MTC\u8ba4\u8bc1',
 'game_name': u'\u70b9\u70b9\u6d88\u6d88\u4e50',
 'game_size': u'\u5927\u5c0f: 3.8MB',
 'game_type_name': u'\u4f11\u95f2\u76ca\u667a'}
2016-06-06 18:08:07 [scrapy] DEBUG: Crawled (200) <GET http://shouji.baidu.com/game//game/9310755.html> (referer: http://shouji.baidu.com/game/401/list_1.html)
2016-06-06 18:08:07 [scrapy] DEBUG: Scraped from <200 http://shouji.baidu.com/game//game/9310755.html>
{'game_download_times': u'\u4e0b\u8f7d\u6b21\u6570: 966\u4e07',
 'game_id': u'\u5b98\u65b9\u7248',
 'game_name': u'\u7cd6\u679c\u840c\u840c\u6d88',
 'game_size': u'\u5927\u5c0f: 63.1MB',
 'game_type_name': u'\u4f11\u95f2\u76ca\u667a'}
2016-06-06 18:08:08 [scrapy] DEBUG: Crawled (200) <GET http://shouji.baidu.com/game//game/8814840.html> (referer: http://shouji.baidu.com/game/401/list_1.html)
2016-06-06 18:08:08 [scrapy] DEBUG: Scraped from <200 http://shouji.baidu.com/game//game/8814840.html>
{'game_download_times': u'\u4e0b\u8f7d\u6b21\u6570: 650\u4e07',
 'game_id': u'\u5b98\u65b9\u7248',
 'game_name': u'\u62f3\u768797',
 'game_size': u'\u5927\u5c0f: 61.2MB',
 'game_type_name': u'\u4f11\u95f2\u76ca\u667a'}
2016-06-06 18:08:09 [scrapy] DEBUG: Crawled (200) <GET http://shouji.baidu.com/game//game/4928355.html> (referer: http://shouji.baidu.com/game/401/list_1.html)
2016-06-06 18:08:09 [scrapy] DEBUG: Scraped from <200 http://shouji.baidu.com/game//game/4928355.html>
{'game_download_times': u'\u4e0b\u8f7d\u6b21\u6570: 1324\u4e07',
 'game_id': u'\u5b89\u5168',
 'game_name': u'\u8da3\u5473\u6ce1\u6ce1\u9f99',
 'game_size': u'\u5927\u5c0f: 1.7MB',
 'game_type_name': u'\u4f11\u95f2\u76ca\u667a'}
2016-06-06 18:08:10 [scrapy] DEBUG: Crawled (200) <GET http://shouji.baidu.com/game//game/9440298.html> (referer: http://shouji.baidu.com/game/401/list_1.html)
2016-06-06 18:08:10 [scrapy] DEBUG: Scraped from <200 http://shouji.baidu.com/game//game/9440298.html>
{'game_download_times': u'\u4e0b\u8f7d\u6b21\u6570: 542\u4e07',
 'game_id': u'\u5b98\u65b9\u7248',
 'game_name': u'\u556a\u556a\u6e38\u620f\u5385',
 'game_size': u'\u5927\u5c0f: 9.2MB',
 'game_type_name': u'\u4f11\u95f2\u76ca\u667a'}
2016-06-06 18:08:11 [scrapy] DEBUG: Crawled (200) <GET http://shouji.baidu.com/game//game/7997448.html> (referer: http://shouji.baidu.com/game/401/list_1.html)
2016-06-06 18:08:11 [scrapy] DEBUG: Scraped from <200 http://shouji.baidu.com/game//game/7997448.html>
{'game_download_times': u'\u4e0b\u8f7d\u6b21\u6570: 968\u4e07',
 'game_id': u'\u5b98\u65b9\u7248',
 'game_name': u'\u8001\u7238\u66fe\u662f\u5c0f\u5077',
 'game_size': u'\u5927\u5c0f: 32.3MB',
 'game_type_name': u'\u4f11\u95f2\u76ca\u667a'}
2016-06-06 18:08:12 [scrapy] DEBUG: Crawled (200) <GET http://shouji.baidu.com/game//game/7755926.html> (referer: http://shouji.baidu.com/game/401/list_1.html)
2016-06-06 18:08:12 [scrapy] DEBUG: Scraped from <200 http://shouji.baidu.com/game//game/7755926.html>
{'game_download_times': u'\u4e0b\u8f7d\u6b21\u6570: 1700\u4e07',
 'game_id': u'\u5b98\u65b9\u7248',
 'game_name': u'\u8da3\u5473\u8fde\u8fde\u770b',
 'game_size': u'\u5927\u5c0f: 2.2MB',
 'game_type_name': u'\u4f11\u95f2\u76ca\u667a'}
2016-06-06 18:08:14 [scrapy] DEBUG: Crawled (200) <GET http://shouji.baidu.com/game//game/8754588.html> (referer: http://shouji.baidu.com/game/401/list_1.html)
2016-06-06 18:08:14 [scrapy] DEBUG: Scraped from <200 http://shouji.baidu.com/game//game/8754588.html>
{'game_download_times': u'\u4e0b\u8f7d\u6b21\u6570: 499\u4e07',
 'game_id': u'\u5b89\u5168',
 'game_name': u'\u4e00\u8d77\u6d88\u6c34\u679c',
 'game_size': u'\u5927\u5c0f: 2.4MB',
 'game_type_name': u'\u4f11\u95f2\u76ca\u667a'}
2016-06-06 18:08:15 [scrapy] DEBUG: Crawled (200) <GET http://shouji.baidu.com/game//game/8580300.html> (referer: http://shouji.baidu.com/game/401/list_1.html)
2016-06-06 18:08:15 [scrapy] DEBUG: Scraped from <200 http://shouji.baidu.com/game//game/8580300.html>
{'game_download_times': u'\u4e0b\u8f7d\u6b21\u6570: 233\u4e07',
 'game_id': u'\u5b89\u5168',
 'game_name': u'\u4ed3\u9f20\u5927\u9003\u4ea1',
 'game_size': u'\u5927\u5c0f: 7.0MB',
 'game_type_name': u'\u4f11\u95f2\u76ca\u667a'}
2016-06-06 18:08:16 [scrapy] DEBUG: Crawled (200) <GET http://shouji.baidu.com/game//game/6953208.html> (referer: http://shouji.baidu.com/game/401/list_1.html)
2016-06-06 18:08:16 [scrapy] DEBUG: Scraped from <200 http://shouji.baidu.com/game//game/6953208.html>
{'game_download_times': u'\u4e0b\u8f7d\u6b21\u6570: 1340\u4e07',
 'game_id': u'MTC\u8ba4\u8bc1',
 'game_name': u'\u770b\u4f60\u6709\u591a\u8272',
 'game_size': u'\u5927\u5c0f: 0.1MB',
 'game_type_name': u'\u4f11\u95f2\u76ca\u667a'}
2016-06-06 18:08:17 [scrapy] DEBUG: Crawled (200) <GET http://shouji.baidu.com/game//game/9199496.html> (referer: http://shouji.baidu.com/game/401/list_1.html)
2016-06-06 18:08:17 [scrapy] DEBUG: Scraped from <200 http://shouji.baidu.com/game//game/9199496.html>
{'game_download_times': u'\u4e0b\u8f7d\u6b21\u6570: 319\u4e07',
 'game_id': u'\u5b98\u65b9\u7248',
 'game_name': u'\u732a\u732a\u4fa0\u767e\u53d8\u98de\u8f66',
 'game_size': u'\u5927\u5c0f: 41.7MB',
 'game_type_name': u'\u4f11\u95f2\u76ca\u667a'}
2016-06-06 18:08:18 [scrapy] DEBUG: Crawled (200) <GET http://shouji.baidu.com/game//game/9467409.html> (referer: http://shouji.baidu.com/game/401/list_1.html)
2016-06-06 18:08:18 [scrapy] DEBUG: Scraped from <200 http://shouji.baidu.com/game//game/9467409.html>
{'game_download_times': u'\u4e0b\u8f7d\u6b21\u6570: 593\u4e07',
 'game_id': u'\u5b98\u65b9\u7248',
 'game_name': u'\u75af\u72c2\u7684\u6355\u9c7c',
 'game_size': u'\u5927\u5c0f: 23.9MB',
 'game_type_name': u'\u4f11\u95f2\u76ca\u667a'}
2016-06-06 18:08:20 [scrapy] DEBUG: Crawled (200) <GET http://shouji.baidu.com/game//game/6941840.html> (referer: http://shouji.baidu.com/game/401/list_1.html)
2016-06-06 18:08:20 [scrapy] DEBUG: Scraped from <200 http://shouji.baidu.com/game//game/6941840.html>
{'game_download_times': u'\u4e0b\u8f7d\u6b21\u6570: 1313\u4e07',
 'game_id': u'MTC\u8ba4\u8bc1',
 'game_name': u'\u6447\u6446\u76f4\u5347\u673a',
 'game_size': u'\u5927\u5c0f: 0.1MB',
 'game_type_name': u'\u4f11\u95f2\u76ca\u667a'}
2016-06-06 18:08:20 [scrapy] DEBUG: Crawled (200) <GET http://shouji.baidu.com/game//game/6952389.html> (referer: http://shouji.baidu.com/game/401/list_1.html)
2016-06-06 18:08:20 [scrapy] DEBUG: Scraped from <200 http://shouji.baidu.com/game//game/6952389.html>
{'game_download_times': u'\u4e0b\u8f7d\u6b21\u6570: 1353\u4e07',
 'game_id': u'MTC\u8ba4\u8bc1',
 'game_name': u'\u5de6\u53f3\u8111\u534f\u8c03',
 'game_size': u'\u5927\u5c0f: 0.1MB',
 'game_type_name': u'\u4f11\u95f2\u76ca\u667a'}
2016-06-06 18:08:22 [scrapy] DEBUG: Crawled (200) <GET http://shouji.baidu.com/game//game/7432381.html> (referer: http://shouji.baidu.com/game/401/list_1.html)
2016-06-06 18:08:22 [scrapy] DEBUG: Scraped from <200 http://shouji.baidu.com/game//game/7432381.html>
{'game_download_times': u'\u4e0b\u8f7d\u6b21\u6570: 243\u4e07',
 'game_id': u'\u5b89\u5168',
 'game_name': u'\u5929\u5929\u8fc7\u9a6c\u8def(\u4e2d\u6587\u7248)',
 'game_size': u'\u5927\u5c0f: 18.6MB',
 'game_type_name': u'\u4f11\u95f2\u76ca\u667a'}
2016-06-06 18:08:23 [scrapy] DEBUG: Crawled (200) <GET http://shouji.baidu.com/game//game/6956423.html> (referer: http://shouji.baidu.com/game/401/list_1.html)
2016-06-06 18:08:23 [scrapy] DEBUG: Scraped from <200 http://shouji.baidu.com/game//game/6956423.html>
{'game_download_times': u'\u4e0b\u8f7d\u6b21\u6570: 1291\u4e07',
 'game_id': u'MTC\u8ba4\u8bc1',
 'game_name': u'\u75af\u72c2\u51b0\u6876\u6311\u6218',
 'game_size': u'\u5927\u5c0f: 0.1MB',
 'game_type_name': u'\u4f11\u95f2\u76ca\u667a'}
2016-06-06 18:08:25 [scrapy] DEBUG: Crawled (200) <GET http://shouji.baidu.com/game//game/9460954.html> (referer: http://shouji.baidu.com/game/401/list_1.html)
2016-06-06 18:08:25 [scrapy] DEBUG: Scraped from <200 http://shouji.baidu.com/game//game/9460954.html>
{'game_download_times': u'\u4e0b\u8f7d\u6b21\u6570: 1798\u4e07',
 'game_id': u'\u5b98\u65b9\u7248',
 'game_name': u'\u679c\u5b9d\u4e09\u56fd',
 'game_size': u'\u5927\u5c0f: 61.3MB',
 'game_type_name': u'\u4f11\u95f2\u76ca\u667a'}
2016-06-06 18:08:26 [scrapy] DEBUG: Crawled (200) <GET http://shouji.baidu.com/game//game/9311702.html> (referer: http://shouji.baidu.com/game/401/list_1.html)
2016-06-06 18:08:26 [scrapy] DEBUG: Scraped from <200 http://shouji.baidu.com/game//game/9311702.html>
{'game_download_times': u'\u4e0b\u8f7d\u6b21\u6570: 881\u4e07',
 'game_id': u'\u5b98\u65b9\u7248',
 'game_name': u'\u70ab\u821e\u6d6a\u6f2b\u7231',
 'game_size': u'\u5927\u5c0f: 283.6MB',
 'game_type_name': u'\u4f11\u95f2\u76ca\u667a'}
2016-06-06 18:08:27 [scrapy] DEBUG: Crawled (200) <GET http://shouji.baidu.com/game//game/9397815.html> (referer: http://shouji.baidu.com/game/401/list_1.html)
2016-06-06 18:08:27 [scrapy] DEBUG: Scraped from <200 http://shouji.baidu.com/game//game/9397815.html>
{'game_download_times': u'\u4e0b\u8f7d\u6b21\u6570: 2771\u4e07',
 'game_id': u'\u5b98\u65b9\u7248',
 'game_name': u'\u6ed1\u96ea\u5927\u5192\u9669',
 'game_size': u'\u5927\u5c0f: 40.3MB',
 'game_type_name': u'\u4f11\u95f2\u76ca\u667a'}
2016-06-06 18:08:28 [scrapy] DEBUG: Crawled (200) <GET http://shouji.baidu.com/game//game/9402253.html> (referer: http://shouji.baidu.com/game/401/list_1.html)
2016-06-06 18:08:28 [scrapy] DEBUG: Scraped from <200 http://shouji.baidu.com/game//game/9402253.html>
{'game_download_times': u'\u4e0b\u8f7d\u6b21\u6570: 2872\u4e07',
 'game_id': u'\u5b98\u65b9\u7248',
 'game_name': u'\u795e\u5077\u5976\u7238:\u5c0f\u9ec4\u4eba\u5feb\u8dd1',
 'game_size': u'\u5927\u5c0f: 116.1MB',
 'game_type_name': u'\u4f11\u95f2\u76ca\u667a'}
2016-06-06 18:08:29 [scrapy] DEBUG: Crawled (200) <GET http://shouji.baidu.com/game//game/8316577.html> (referer: http://shouji.baidu.com/game/401/list_1.html)
2016-06-06 18:08:29 [scrapy] DEBUG: Scraped from <200 http://shouji.baidu.com/game//game/8316577.html>
{'game_download_times': u'\u4e0b\u8f7d\u6b21\u6570: 955\u4e07',
 'game_id': u'\u5b89\u5168',
 'game_name': u'2048(\u7ecf\u5178\u7248)',
 'game_size': u'\u5927\u5c0f: 5.7MB',
 'game_type_name': u'\u4f11\u95f2\u76ca\u667a'}
2016-06-06 18:08:31 [scrapy] DEBUG: Crawled (200) <GET http://shouji.baidu.com/game//game/8894666.html> (referer: http://shouji.baidu.com/game/401/list_1.html)
2016-06-06 18:08:31 [scrapy] DEBUG: Scraped from <200 http://shouji.baidu.com/game//game/8894666.html>
{'game_download_times': u'\u4e0b\u8f7d\u6b21\u6570: 3318\u4e07',
 'game_id': u'\u5b98\u65b9\u7248',
 'game_name': u'\u4fdd\u536b\u841d\u535c2',
 'game_size': u'\u5927\u5c0f: 77.0MB',
 'game_type_name': u'\u4f11\u95f2\u76ca\u667a'}
2016-06-06 18:08:32 [scrapy] DEBUG: Crawled (200) <GET http://shouji.baidu.com/game//game/9437026.html> (referer: http://shouji.baidu.com/game/401/list_1.html)
2016-06-06 18:08:32 [scrapy] DEBUG: Scraped from <200 http://shouji.baidu.com/game//game/9437026.html>
{'game_download_times': u'\u4e0b\u8f7d\u6b21\u6570: 427\u4e07',
 'game_id': u'\u5b98\u65b9\u7248',
 'game_name': u'\u718a\u51fa\u6ca13\u58ee\u5fd7\u718a\u5fc3',
 'game_size': u'\u5927\u5c0f: 53.6MB',
 'game_type_name': u'\u4f11\u95f2\u76ca\u667a'}
2016-06-06 18:08:33 [scrapy] DEBUG: Crawled (200) <GET http://shouji.baidu.com/game//game/9446611.html> (referer: http://shouji.baidu.com/game/401/list_1.html)
2016-06-06 18:08:33 [scrapy] DEBUG: Scraped from <200 http://shouji.baidu.com/game//game/9446611.html>
{'game_download_times': u'\u4e0b\u8f7d\u6b21\u6570: 8175\u4e07',
 'game_id': u'\u5b98\u65b9\u7248',
 'game_name': u'\u6d88\u706d\u661f\u661f',
 'game_size': u'\u5927\u5c0f: 10.9MB',
 'game_type_name': u'\u4f11\u95f2\u76ca\u667a'}
2016-06-06 18:08:34 [scrapy] DEBUG: Crawled (200) <GET http://shouji.baidu.com/game//game/9441319.html> (referer: http://shouji.baidu.com/game/401/list_1.html)
2016-06-06 18:08:34 [scrapy] DEBUG: Scraped from <200 http://shouji.baidu.com/game//game/9441319.html>
{'game_download_times': u'\u4e0b\u8f7d\u6b21\u6570: 36\u4e07',
 'game_id': u'\u5b89\u5168',
 'game_name': u'\u5c0f\u718a\u7ade\u6280\u53f0',
 'game_size': u'\u5927\u5c0f: 11.1MB',
 'game_type_name': u'\u4f11\u95f2\u76ca\u667a'}
2016-06-06 18:08:35 [scrapy] DEBUG: Crawled (200) <GET http://shouji.baidu.com/game//game/9217549.html> (referer: http://shouji.baidu.com/game/401/list_1.html)
2016-06-06 18:08:36 [scrapy] DEBUG: Scraped from <200 http://shouji.baidu.com/game//game/9217549.html>
{'game_download_times': u'\u4e0b\u8f7d\u6b21\u6570: 1563\u4e07',
 'game_id': u'\u5b98\u65b9\u7248',
 'game_name': u'\u767b\u5c71\u8d5b\u8f66',
 'game_size': u'\u5927\u5c0f: 44.7MB',
 'game_type_name': u'\u4f11\u95f2\u76ca\u667a'}
2016-06-06 18:08:37 [scrapy] DEBUG: Crawled (200) <GET http://shouji.baidu.com/game//game/9460469.html> (referer: http://shouji.baidu.com/game/401/list_1.html)
2016-06-06 18:08:37 [scrapy] DEBUG: Scraped from <200 http://shouji.baidu.com/game//game/9460469.html>
{'game_download_times': u'\u4e0b\u8f7d\u6b21\u6570: 1283\u4e07',
 'game_id': u'\u5b98\u65b9\u7248',
 'game_name': u'\u9965\u997f\u9ca8:\u8fdb\u5316',
 'game_size': u'\u5927\u5c0f: 85.2MB',
 'game_type_name': u'\u4f11\u95f2\u76ca\u667a'}
2016-06-06 18:08:38 [scrapy] DEBUG: Crawled (200) <GET http://shouji.baidu.com/game//game/9387341.html> (referer: http://shouji.baidu.com/game/401/list_1.html)
2016-06-06 18:08:38 [scrapy] DEBUG: Scraped from <200 http://shouji.baidu.com/game//game/9387341.html>
{'game_download_times': u'\u4e0b\u8f7d\u6b21\u6570: 1497\u4e07',
 'game_id': u'\u5b89\u5168',
 'game_name': u'\u5947\u8ff9\u6696\u6696',
 'game_size': u'\u5927\u5c0f: 350.9MB',
 'game_type_name': u'\u4f11\u95f2\u76ca\u667a'}
2016-06-06 18:08:39 [scrapy] DEBUG: Crawled (200) <GET http://shouji.baidu.com/game//game/9313861.html> (referer: http://shouji.baidu.com/game/401/list_1.html)
2016-06-06 18:08:40 [scrapy] DEBUG: Scraped from <200 http://shouji.baidu.com/game//game/9313861.html>
{'game_download_times': u'\u4e0b\u8f7d\u6b21\u6570: 622\u4e07',
 'game_id': u'\u5b89\u5168',
 'game_name': u'\u4fa0\u76d7\u6469\u6258\u98de\u8f66',
 'game_size': u'\u5927\u5c0f: 4.5MB',
 'game_type_name': u'\u4f11\u95f2\u76ca\u667a'}
2016-06-06 18:08:41 [scrapy] DEBUG: Crawled (200) <GET http://shouji.baidu.com/game//game/9474299.html> (referer: http://shouji.baidu.com/game/401/list_1.html)
2016-06-06 18:08:41 [scrapy] DEBUG: Scraped from <200 http://shouji.baidu.com/game//game/9474299.html>
{'game_download_times': u'\u4e0b\u8f7d\u6b21\u6570: 1125\u4e07',
 'game_id': u'\u5b98\u65b9\u7248',
 'game_name': u'\u94a2\u7434\u57572',
 'game_size': u'\u5927\u5c0f: 24.1MB',
 'game_type_name': u'\u4f11\u95f2\u76ca\u667a'}
2016-06-06 18:08:42 [scrapy] DEBUG: Crawled (200) <GET http://shouji.baidu.com/game//game/9467840.html> (referer: http://shouji.baidu.com/game/401/list_1.html)
2016-06-06 18:08:42 [scrapy] DEBUG: Scraped from <200 http://shouji.baidu.com/game//game/9467840.html>
{'game_download_times': u'\u4e0b\u8f7d\u6b21\u6570: 5199\u4e07',
 'game_id': u'\u5b98\u65b9\u7248',
 'game_name': u'\u690d\u7269\u5927\u6218\u50f5\u5c382(\u9ad8\u6e05\u7248)',
 'game_size': u'\u5927\u5c0f: 144.5MB',
 'game_type_name': u'\u4f11\u95f2\u76ca\u667a'}
2016-06-06 18:08:43 [scrapy] DEBUG: Crawled (200) <GET http://shouji.baidu.com/game//game/9277454.html> (referer: http://shouji.baidu.com/game/401/list_1.html)
2016-06-06 18:08:43 [scrapy] DEBUG: Scraped from <200 http://shouji.baidu.com/game//game/9277454.html>
{'game_download_times': u'\u4e0b\u8f7d\u6b21\u6570: 1270\u4e07',
 'game_id': u'\u5b98\u65b9\u7248',
 'game_name': u'\u6211\u7684\u5b89\u5409\u62c9',
 'game_size': u'\u5927\u5c0f: 86.7MB',
 'game_type_name': u'\u4f11\u95f2\u76ca\u667a'}
2016-06-06 18:08:44 [scrapy] DEBUG: Crawled (200) <GET http://shouji.baidu.com/game//game/7503191.html> (referer: http://shouji.baidu.com/game/401/list_1.html)
2016-06-06 18:08:44 [scrapy] DEBUG: Scraped from <200 http://shouji.baidu.com/game//game/7503191.html>
{'game_download_times': u'\u4e0b\u8f7d\u6b21\u6570: 493\u4e07',
 'game_id': u'\u5b89\u5168',
 'game_name': u'\u5f00\u5fc3\u8fde\u8fde\u770b',
 'game_size': u'\u5927\u5c0f: 4.3MB',
 'game_type_name': u'\u4f11\u95f2\u76ca\u667a'}
2016-06-06 18:08:45 [scrapy] DEBUG: Crawled (200) <GET http://shouji.baidu.com/game//game/7632451.html> (referer: http://shouji.baidu.com/game/401/list_1.html)
2016-06-06 18:08:45 [scrapy] DEBUG: Scraped from <200 http://shouji.baidu.com/game//game/7632451.html>
{'game_download_times': u'\u4e0b\u8f7d\u6b21\u6570: 493\u4e07',
 'game_id': u'MTC\u8ba4\u8bc1',
 'game_name': u'\u5f00\u5fc3\u5bf9\u5bf9\u7cd6',
 'game_size': u'\u5927\u5c0f: 3.4MB',
 'game_type_name': u'\u4f11\u95f2\u76ca\u667a'}
2016-06-06 18:08:45 [scrapy] DEBUG: Crawled (200) <GET http://shouji.baidu.com/game//game/6967894.html> (referer: http://shouji.baidu.com/game/401/list_1.html)
2016-06-06 18:08:46 [scrapy] DEBUG: Scraped from <200 http://shouji.baidu.com/game//game/6967894.html>
{'game_download_times': u'\u4e0b\u8f7d\u6b21\u6570: 492\u4e07',
 'game_id': u'MTC\u8ba4\u8bc1',
 'game_name': u'\u661f\u661f\u5927\u5192\u9669',
 'game_size': u'\u5927\u5c0f: 6.7MB',
 'game_type_name': u'\u4f11\u95f2\u76ca\u667a'}
2016-06-06 18:08:47 [scrapy] DEBUG: Crawled (200) <GET http://shouji.baidu.com/game//game/9387289.html> (referer: http://shouji.baidu.com/game/401/list_1.html)
2016-06-06 18:08:47 [scrapy] DEBUG: Scraped from <200 http://shouji.baidu.com/game//game/9387289.html>
{'game_download_times': u'\u4e0b\u8f7d\u6b21\u6570: 2247\u4e07',
 'game_id': u'\u5b98\u65b9\u7248',
 'game_name': u'\u6211\u7684\u6c64\u59c6\u732b',
 'game_size': u'\u5927\u5c0f: 72.1MB',
 'game_type_name': u'\u4f11\u95f2\u76ca\u667a'}
2016-06-06 18:08:48 [scrapy] DEBUG: Crawled (200) <GET http://shouji.baidu.com/game//game/9445087.html> (referer: http://shouji.baidu.com/game/401/list_1.html)
2016-06-06 18:08:48 [scrapy] DEBUG: Scraped from <200 http://shouji.baidu.com/game//game/9445087.html>
{'game_download_times': u'\u4e0b\u8f7d\u6b21\u6570: 2172\u4e07',
 'game_id': u'\u5b98\u65b9\u7248',
 'game_name': u'\u5954\u8dd1\u5427\u5144\u5f1f4-\u6495\u540d\u724c\u5927\u6218',
 'game_size': u'\u5927\u5c0f: 81.7MB',
 'game_type_name': u'\u4f11\u95f2\u76ca\u667a'}
2016-06-06 18:08:49 [scrapy] DEBUG: Crawled (200) <GET http://shouji.baidu.com/game//game/8107414.html> (referer: http://shouji.baidu.com/game/401/list_1.html)
2016-06-06 18:08:49 [scrapy] INFO: Crawled 42 pages (at 42 pages/min), scraped 38 items (at 38 items/min)
2016-06-06 18:08:49 [scrapy] DEBUG: Scraped from <200 http://shouji.baidu.com/game//game/8107414.html>
{'game_download_times': u'\u4e0b\u8f7d\u6b21\u6570: 2273\u4e07',
 'game_id': u'\u5b89\u5168',
 'game_name': u'\u731c\u731c\u731c',
 'game_size': u'\u5927\u5c0f: 20.7MB',
 'game_type_name': u'\u4f11\u95f2\u76ca\u667a'}
2016-06-06 18:08:50 [scrapy] DEBUG: Crawled (200) <GET http://shouji.baidu.com/game//game/9451123.html> (referer: http://shouji.baidu.com/game/401/list_1.html)
2016-06-06 18:08:50 [scrapy] DEBUG: Scraped from <200 http://shouji.baidu.com/game//game/9451123.html>
{'game_download_times': u'\u4e0b\u8f7d\u6b21\u6570: 2849\u4e07',
 'game_id': u'\u5b98\u65b9\u7248',
 'game_name': u'\u7403\u7403\u5927\u4f5c\u6218',
 'game_size': u'\u5927\u5c0f: 46.2MB',
 'game_type_name': u'\u4f11\u95f2\u76ca\u667a'}
2016-06-06 18:08:50 [scrapy] INFO: Closing spider (finished)
2016-06-06 18:08:50 [scrapy] INFO: Dumping Scrapy stats:
{'downloader/request_bytes': 15449,
 'downloader/request_count': 44,
 'downloader/request_method_count/GET': 44,
 'downloader/response_bytes': 581181,
 'downloader/response_count': 44,
 'downloader/response_status_count/200': 43,
 'downloader/response_status_count/301': 1,
 'finish_reason': 'finished',
 'finish_time': datetime.datetime(2016, 6, 6, 10, 8, 50, 314016),
 'item_scraped_count': 40,
 'log_count/DEBUG': 85,
 'log_count/INFO': 17,
 'log_count/WARNING': 1,
 'request_depth_max': 3,
 'response_received_count': 43,
 'scheduler/dequeued': 44,
 'scheduler/dequeued/memory': 44,
 'scheduler/enqueued': 44,
 'scheduler/enqueued/memory': 44,
 'start_time': datetime.datetime(2016, 6, 6, 10, 7, 49, 628911)}
2016-06-06 18:08:50 [scrapy] INFO: Spider closed (finished)
